{"summary":{"outcome":"Failed","testsRan":2,"passing":1,"failing":1,"skipped":0,"passRate":"50%","failRate":"50%","skipRate":"0%","testStartTime":"2025-06-13T15:01:29.000Z","testSetupTimeInMs":2177,"testExecutionTimeInMs":93,"testTotalTimeInMs":2270,"commandTimeInMs":491,"hostname":"https://nanoplc-dev-ed.develop.my.salesforce.com","orgId":"00DQy00000Bbi7tMAB","username":"romanetce.web.dev@gmail.com","testRunId":"707Qy00000U1Q7v","userId":"005Qy000007GnTlIAK"},"tests":[{"id":"07MQy0000066IziMAE","queueItemId":"709Qy00000AEpyDIAT","stackTrace":"Class.UpdateParentAccountTest.Queueable: line 35, column 1","message":"System.AssertException: Assertion Failed: Expected: 100, Actual: 0","asyncApexJobId":"707Qy00000U1Q7vIAF","methodName":"Queueable","outcome":"Fail","apexLogId":"07LQy00000E2GtSMAV","apexClass":{"id":"01pQy00000G4QfRIAV","name":"UpdateParentAccountTest","namespacePrefix":null,"fullName":"UpdateParentAccountTest"},"runTime":93,"testTimestamp":"2025-06-13T15:01:33.000+0000","fullName":"UpdateParentAccountTest.Queueable","diagnostic":{"exceptionMessage":"System.AssertException: Assertion Failed: Expected: 100, Actual: 0","exceptionStackTrace":"Class.UpdateParentAccountTest.Queueable: line 35, column 1","className":"UpdateParentAccountTest","compileProblem":"","lineNumber":35,"columnNumber":1}}]}